<?xml version="1.0" encoding="UTF-8"?>
<!-- Generated by org.testng.reporters.JUnitReportReporter -->
<testsuite hostname="My-Legion" failures="0" tests="1" name="users.SingleUserTest" time="0.459" errors="0" timestamp="2022-06-11T13:10:12 WIB" skipped="0">
  <testcase classname="users.SingleUserTest" name="successGetSingleUser" time="0.459"/>
  <system-out/>
</testsuite> <!-- users.SingleUserTest -->
