<?xml version="1.0" encoding="UTF-8"?>
<!-- Generated by org.testng.reporters.JUnitReportReporter -->
<testsuite hostname="My-Legion" failures="0" tests="1" name="FirstTest" time="1.378" errors="0" timestamp="2022-06-11T13:10:12 WIB" skipped="0">
  <testcase classname="FirstTest" name="first" time="1.378"/>
  <system-out/>
</testsuite> <!-- FirstTest -->
