<?xml version="1.0" encoding="UTF-8"?>
<!-- Generated by org.testng.reporters.JUnitReportReporter -->
<testsuite hostname="My-Legion" failures="0" tests="1" name="SecondTest" time="0.764" errors="0" timestamp="2022-06-11T13:10:12 WIB" skipped="0">
  <testcase classname="SecondTest" name="second" time="0.764"/>
  <system-out/>
</testsuite> <!-- SecondTest -->
